Connecting to database specified by database.yml
Compiled jquery.js  (2ms)  (pid 5344)
Compiled jquery_ujs.js  (0ms)  (pid 5344)
Compiled twitter/bootstrap/bootstrap-transition.js  (0ms)  (pid 5344)
Compiled twitter/bootstrap/bootstrap-alert.js  (0ms)  (pid 5344)
Compiled twitter/bootstrap/bootstrap-modal.js  (0ms)  (pid 5344)
Compiled twitter/bootstrap/bootstrap-dropdown.js  (0ms)  (pid 5344)
Compiled twitter/bootstrap/bootstrap-scrollspy.js  (0ms)  (pid 5344)
Compiled twitter/bootstrap/bootstrap-tab.js  (0ms)  (pid 5344)
Compiled twitter/bootstrap/bootstrap-tooltip.js  (0ms)  (pid 5344)
Compiled twitter/bootstrap/bootstrap-popover.js  (0ms)  (pid 5344)
Compiled twitter/bootstrap/bootstrap-button.js  (0ms)  (pid 5344)
Compiled twitter/bootstrap/bootstrap-collapse.js  (0ms)  (pid 5344)
Compiled twitter/bootstrap/bootstrap-carousel.js  (0ms)  (pid 5344)
Compiled twitter/bootstrap/bootstrap-typeahead.js  (0ms)  (pid 5344)
Compiled twitter/bootstrap/bootstrap-affix.js  (0ms)  (pid 5344)
Compiled twitter/bootstrap.js  (127ms)  (pid 5344)
Compiled dataTables/jquery.dataTables.js  (3ms)  (pid 5344)
Compiled bootstrap.js  (62ms)  (pid 5344)
Compiled players.js  (2ms)  (pid 5344)
Compiled application.js  (293ms)  (pid 5344)
Compiled dataTables/jquery.dataTables.css  (210ms)  (pid 5344)
Compiled bootstrap_and_overrides.css  (725ms)  (pid 5344)
Compiled players.css  (1ms)  (pid 5344)
Compiled scaffolds.css  (17ms)  (pid 5344)
Compiled application.css  (982ms)  (pid 5344)
Compiled jquery.js  (2ms)  (pid 5344)
Compiled jquery_ujs.js  (0ms)  (pid 5344)
Compiled twitter/bootstrap/bootstrap-transition.js  (0ms)  (pid 5344)
Compiled twitter/bootstrap/bootstrap-alert.js  (0ms)  (pid 5344)
Compiled twitter/bootstrap/bootstrap-modal.js  (0ms)  (pid 5344)
Compiled twitter/bootstrap/bootstrap-dropdown.js  (0ms)  (pid 5344)
Compiled twitter/bootstrap/bootstrap-scrollspy.js  (0ms)  (pid 5344)
Compiled twitter/bootstrap/bootstrap-tab.js  (0ms)  (pid 5344)
Compiled twitter/bootstrap/bootstrap-tooltip.js  (0ms)  (pid 5344)
Compiled twitter/bootstrap/bootstrap-popover.js  (0ms)  (pid 5344)
Compiled twitter/bootstrap/bootstrap-button.js  (0ms)  (pid 5344)
Compiled twitter/bootstrap/bootstrap-collapse.js  (0ms)  (pid 5344)
Compiled twitter/bootstrap/bootstrap-carousel.js  (0ms)  (pid 5344)
Compiled twitter/bootstrap/bootstrap-typeahead.js  (0ms)  (pid 5344)
Compiled twitter/bootstrap/bootstrap-affix.js  (0ms)  (pid 5344)
Compiled twitter/bootstrap.js  (111ms)  (pid 5344)
Compiled dataTables/jquery.dataTables.js  (2ms)  (pid 5344)
Compiled bootstrap.js  (58ms)  (pid 5344)
Compiled players.js  (2ms)  (pid 5344)
Compiled application.js  (262ms)  (pid 5344)
Compiled dataTables/jquery.dataTables.css  (90ms)  (pid 5344)
Compiled bootstrap_and_overrides.css  (609ms)  (pid 5344)
Compiled players.css  (1ms)  (pid 5344)
Compiled scaffolds.css  (16ms)  (pid 5344)
Compiled application.css  (767ms)  (pid 5344)
